<?xml version="1.0" encoding="UTF-8"?>
<coverage generated="1657371746858" clover="3.2.0">
  <project timestamp="1657371746859" name="All files">
    <metrics statements="4" coveredstatements="4" conditionals="0" coveredconditionals="0" methods="2" coveredmethods="2" elements="6" coveredelements="6" complexity="0" loc="4" ncloc="4" packages="1" files="2" classes="2"/>
    <file name="ActionButton.vue" path="D:\job-search\src\components\ActionButton.vue">
      <metrics statements="2" coveredstatements="2" conditionals="0" coveredconditionals="0" methods="1" coveredmethods="1"/>
      <line num="8" count="2" type="stmt"/>
      <line num="23" count="6" type="stmt"/>
    </file>
    <file name="ProfileImage.vue" path="D:\job-search\src\components\ProfileImage.vue">
      <metrics statements="2" coveredstatements="2" conditionals="0" coveredconditionals="0" methods="1" coveredmethods="1"/>
      <line num="10" count="1" type="stmt"/>
      <line num="13" count="1" type="stmt"/>
    </file>
  </project>
</coverage>
